================================================================================
OPENACCELERATOR FINAL SYSTEM VALIDATION REPORT
================================================================================

OVERALL STATUS: FAILED
SUCCESS RATE: 66.7%
TOTAL TESTS: 9
PASSED: 6
FAILED: 3
VALIDATION TIME: 0.40 seconds

DETAILED TEST RESULTS:
----------------------------------------
✓ package_installation: PASSED (0.40s)
  Description: Validate package installation and basic imports

✗ core_simulation: FAILED (0.00s)
  Description: Validate basic system components
  Error: AcceleratorConfig.__init__() got an unexpected keyword argument 'array_size'

✓ ai_agents: PASSED (0.00s)
  Description: Validate AI agent creation and basic functionality

✗ medical_compliance: FAILED (0.00s)
  Description: Validate HIPAA and FDA compliance systems
  Error: HIPAACompliance.__init__() missing 1 required positional argument: 'config'

✓ medical_imaging: PASSED (0.00s)
  Description: Validate medical image processing systems

✓ api_components: PASSED (0.00s)
  Description: Validate FastAPI application and routes

✗ security_systems: FAILED (0.00s)
  Description: Validate security manager and encryption systems
  Error: SecurityManager.__init__() missing 1 required positional argument: 'config'

✓ docker_integration: PASSED (0.00s)
  Description: Validate Docker configuration files

✓ testing_framework: PASSED (0.00s)
  Description: Validate pytest testing framework

SYSTEM INFORMATION:
----------------------------------------
Python Version: 3.12.4 | packaged by Anaconda, Inc. | (main, Jun 18 2024, 10:07:17) [Clang 14.0.6 ]
Platform: darwin
Working Directory: /Users/nemesis/Downloads/OpenAccelerator
Validation Time: 2025-07-09 06:37:26

RECOMMENDATIONS:
----------------------------------------
Some tests failed. Please review the error messages above.

================================================================================